<?xml version="1.0" encoding="UTF-8"?>
<testsuite xmlns:xsi="http://www.w3.org/2001/XMLSchema-instance" xsi:noNamespaceSchemaLocation="https://maven.apache.org/surefire/maven-surefire-plugin/xsd/surefire-test-report.xsd" name="SpringCompatibilityTest" time="1.492" tests="1" errors="0" skipped="0" failures="0">
  <properties>
    <property name="gopherProxySet" value="false"/>
    <property name="awt.toolkit" value="sun.lwawt.macosx.LWCToolkit"/>
    <property name="file.encoding.pkg" value="sun.io"/>
    <property name="java.specification.version" value="1.8"/>
    <property name="sun.cpu.isalist" value=""/>
    <property name="sun.jnu.encoding" value="UTF-8"/>
    <property name="java.class.path" value="/Users/joelrosario/Source/qontract/spring-2.3-compatibility/target/test-classes:/Users/joelrosario/Source/qontract/spring-2.3-compatibility/target/classes:/Users/joelrosario/.m2/repository/run/qontract/qontract-core/0.22.0/qontract-core-0.22.0.jar:/Users/joelrosario/.m2/repository/io/cucumber/gherkin/16.0.0/gherkin-16.0.0.jar:/Users/joelrosario/.m2/repository/io/cucumber/messages/13.2.1/messages-13.2.1.jar:/Users/joelrosario/.m2/repository/io/ktor/ktor-server-netty/1.4.3/ktor-server-netty-1.4.3.jar:/Users/joelrosario/.m2/repository/org/slf4j/slf4j-api/1.7.30/slf4j-api-1.7.30.jar:/Users/joelrosario/.m2/repository/org/jetbrains/kotlinx/kotlinx-coroutines-jdk8/1.3.8/kotlinx-coroutines-jdk8-1.3.8.jar:/Users/joelrosario/.m2/repository/org/jetbrains/kotlinx/kotlinx-coroutines-core/1.3.8/kotlinx-coroutines-core-1.3.8.jar:/Users/joelrosario/.m2/repository/io/ktor/ktor-server-host-common/1.4.3/ktor-server-host-common-1.4.3.jar:/Users/joelrosario/.m2/repository/io/netty/netty-codec-http2/4.1.51.Final/netty-codec-http2-4.1.51.Final.jar:/Users/joelrosario/.m2/repository/io/netty/netty-common/4.1.51.Final/netty-common-4.1.51.Final.jar:/Users/joelrosario/.m2/repository/io/netty/netty-buffer/4.1.51.Final/netty-buffer-4.1.51.Final.jar:/Users/joelrosario/.m2/repository/io/netty/netty-transport/4.1.51.Final/netty-transport-4.1.51.Final.jar:/Users/joelrosario/.m2/repository/io/netty/netty-resolver/4.1.51.Final/netty-resolver-4.1.51.Final.jar:/Users/joelrosario/.m2/repository/io/netty/netty-codec/4.1.51.Final/netty-codec-4.1.51.Final.jar:/Users/joelrosario/.m2/repository/io/netty/netty-handler/4.1.51.Final/netty-handler-4.1.51.Final.jar:/Users/joelrosario/.m2/repository/io/netty/netty-codec-http/4.1.51.Final/netty-codec-http-4.1.51.Final.jar:/Users/joelrosario/.m2/repository/org/eclipse/jetty/alpn/alpn-api/1.1.3.v20160715/alpn-api-1.1.3.v20160715.jar:/Users/joelrosario/.m2/repository/io/netty/netty-transport-native-kqueue/4.1.51.Final/netty-transport-native-kqueue-4.1.51.Final.jar:/Users/joelrosario/.m2/repository/io/netty/netty-transport-native-unix-common/4.1.51.Final/netty-transport-native-unix-common-4.1.51.Final.jar:/Users/joelrosario/.m2/repository/io/netty/netty-transport-native-epoll/4.1.51.Final/netty-transport-native-epoll-4.1.51.Final.jar:/Users/joelrosario/.m2/repository/io/ktor/ktor-server-core/1.4.3/ktor-server-core-1.4.3.jar:/Users/joelrosario/.m2/repository/io/ktor/ktor-utils-jvm/1.4.3/ktor-utils-jvm-1.4.3.jar:/Users/joelrosario/.m2/repository/io/ktor/ktor-io-jvm/1.4.3/ktor-io-jvm-1.4.3.jar:/Users/joelrosario/.m2/repository/io/ktor/ktor-http-jvm/1.4.3/ktor-http-jvm-1.4.3.jar:/Users/joelrosario/.m2/repository/com/typesafe/config/1.3.1/config-1.3.1.jar:/Users/joelrosario/.m2/repository/io/ktor/ktor-client-core-jvm/1.4.3/ktor-client-core-jvm-1.4.3.jar:/Users/joelrosario/.m2/repository/org/jetbrains/kotlin/kotlin-stdlib-common/1.4.21-2/kotlin-stdlib-common-1.4.21-2.jar:/Users/joelrosario/.m2/repository/org/jetbrains/kotlinx/kotlinx-coroutines-core-jvm/1.3.9-native-mt-2/kotlinx-coroutines-core-jvm-1.3.9-native-mt-2.jar:/Users/joelrosario/.m2/repository/io/ktor/ktor-http-cio-jvm/1.4.3/ktor-http-cio-jvm-1.4.3.jar:/Users/joelrosario/.m2/repository/io/ktor/ktor-network-jvm/1.4.3/ktor-network-jvm-1.4.3.jar:/Users/joelrosario/.m2/repository/io/ktor/ktor-client-apache/1.4.3/ktor-client-apache-1.4.3.jar:/Users/joelrosario/.m2/repository/org/apache/httpcomponents/httpasyncclient/4.1.4/httpasyncclient-4.1.4.jar:/Users/joelrosario/.m2/repository/org/apache/httpcomponents/httpclient/4.5.12/httpclient-4.5.12.jar:/Users/joelrosario/.m2/repository/commons-codec/commons-codec/1.14/commons-codec-1.14.jar:/Users/joelrosario/.m2/repository/org/apache/httpcomponents/httpcore-nio/4.4.13/httpcore-nio-4.4.13.jar:/Users/joelrosario/.m2/repository/org/apache/httpcomponents/httpcore/4.4.13/httpcore-4.4.13.jar:/Users/joelrosario/.m2/repository/io/ktor/ktor-client-features/1.4.3/ktor-client-features-1.4.3.jar:/Users/joelrosario/.m2/repository/org/jetbrains/kotlinx/kotlinx-serialization-json-jvm/1.0.1/kotlinx-serialization-json-jvm-1.0.1.jar:/Users/joelrosario/.m2/repository/org/jetbrains/kotlinx/kotlinx-serialization-core-jvm/1.0.1/kotlinx-serialization-core-jvm-1.0.1.jar:/Users/joelrosario/.m2/repository/org/eclipse/jgit/org.eclipse.jgit/5.10.0.202012080955-r/org.eclipse.jgit-5.10.0.202012080955-r.jar:/Users/joelrosario/.m2/repository/com/googlecode/javaewah/JavaEWAH/1.1.7/JavaEWAH-1.1.7.jar:/Users/joelrosario/.m2/repository/org/eclipse/jgit/org.eclipse.jgit.ssh.apache/5.10.0.202012080955-r/org.eclipse.jgit.ssh.apache-5.10.0.202012080955-r.jar:/Users/joelrosario/.m2/repository/org/apache/sshd/sshd-osgi/2.4.0/sshd-osgi-2.4.0.jar:/Users/joelrosario/.m2/repository/org/apache/sshd/sshd-sftp/2.4.0/sshd-sftp-2.4.0.jar:/Users/joelrosario/.m2/repository/org/apache/sshd/sshd-core/2.4.0/sshd-core-2.4.0.jar:/Users/joelrosario/.m2/repository/org/apache/sshd/sshd-common/2.4.0/sshd-common-2.4.0.jar:/Users/joelrosario/.m2/repository/net/i2p/crypto/eddsa/0.3.0/eddsa-0.3.0.jar:/Users/joelrosario/.m2/repository/org/testcontainers/testcontainers/1.15.1/testcontainers-1.15.1.jar:/Users/joelrosario/.m2/repository/junit/junit/4.13/junit-4.13.jar:/Users/joelrosario/.m2/repository/org/hamcrest/hamcrest-core/2.2/hamcrest-core-2.2.jar:/Users/joelrosario/.m2/repository/org/apache/commons/commons-compress/1.20/commons-compress-1.20.jar:/Users/joelrosario/.m2/repository/org/rnorth/duct-tape/duct-tape/1.0.8/duct-tape-1.0.8.jar:/Users/joelrosario/.m2/repository/org/rnorth/visible-assertions/visible-assertions/2.1.2/visible-assertions-2.1.2.jar:/Users/joelrosario/.m2/repository/net/java/dev/jna/jna/5.2.0/jna-5.2.0.jar:/Users/joelrosario/.m2/repository/com/github/docker-java/docker-java-api/3.2.7/docker-java-api-3.2.7.jar:/Users/joelrosario/.m2/repository/com/github/docker-java/docker-java-transport-zerodep/3.2.7/docker-java-transport-zerodep-3.2.7.jar:/Users/joelrosario/.m2/repository/com/github/docker-java/docker-java-transport/3.2.7/docker-java-transport-3.2.7.jar:/Users/joelrosario/.m2/repository/org/testcontainers/kafka/1.15.1/kafka-1.15.1.jar:/Users/joelrosario/.m2/repository/org/apache/kafka/kafka-clients/2.5.0/kafka-clients-2.5.0.jar:/Users/joelrosario/.m2/repository/com/github/luben/zstd-jni/1.4.4-7/zstd-jni-1.4.4-7.jar:/Users/joelrosario/.m2/repository/org/lz4/lz4-java/1.7.1/lz4-java-1.7.1.jar:/Users/joelrosario/.m2/repository/org/xerial/snappy/snappy-java/1.1.7.3/snappy-java-1.1.7.3.jar:/Users/joelrosario/.m2/repository/com/fasterxml/jackson/core/jackson-databind/2.11.1/jackson-databind-2.11.1.jar:/Users/joelrosario/.m2/repository/com/fasterxml/jackson/core/jackson-annotations/2.11.1/jackson-annotations-2.11.1.jar:/Users/joelrosario/.m2/repository/com/fasterxml/jackson/core/jackson-core/2.11.1/jackson-core-2.11.1.jar:/Users/joelrosario/.m2/repository/org/springframework/boot/spring-boot-starter/2.3.2.RELEASE/spring-boot-starter-2.3.2.RELEASE.jar:/Users/joelrosario/.m2/repository/org/springframework/boot/spring-boot/2.3.2.RELEASE/spring-boot-2.3.2.RELEASE.jar:/Users/joelrosario/.m2/repository/org/springframework/spring-context/5.2.8.RELEASE/spring-context-5.2.8.RELEASE.jar:/Users/joelrosario/.m2/repository/org/springframework/boot/spring-boot-autoconfigure/2.3.2.RELEASE/spring-boot-autoconfigure-2.3.2.RELEASE.jar:/Users/joelrosario/.m2/repository/org/springframework/boot/spring-boot-starter-logging/2.3.2.RELEASE/spring-boot-starter-logging-2.3.2.RELEASE.jar:/Users/joelrosario/.m2/repository/ch/qos/logback/logback-classic/1.2.3/logback-classic-1.2.3.jar:/Users/joelrosario/.m2/repository/ch/qos/logback/logback-core/1.2.3/logback-core-1.2.3.jar:/Users/joelrosario/.m2/repository/org/apache/logging/log4j/log4j-to-slf4j/2.13.3/log4j-to-slf4j-2.13.3.jar:/Users/joelrosario/.m2/repository/org/apache/logging/log4j/log4j-api/2.13.3/log4j-api-2.13.3.jar:/Users/joelrosario/.m2/repository/org/slf4j/jul-to-slf4j/1.7.30/jul-to-slf4j-1.7.30.jar:/Users/joelrosario/.m2/repository/jakarta/annotation/jakarta.annotation-api/1.3.5/jakarta.annotation-api-1.3.5.jar:/Users/joelrosario/.m2/repository/org/springframework/spring-core/5.2.8.RELEASE/spring-core-5.2.8.RELEASE.jar:/Users/joelrosario/.m2/repository/org/springframework/spring-jcl/5.2.8.RELEASE/spring-jcl-5.2.8.RELEASE.jar:/Users/joelrosario/.m2/repository/org/yaml/snakeyaml/1.26/snakeyaml-1.26.jar:/Users/joelrosario/.m2/repository/org/springframework/boot/spring-boot-starter-web/2.3.2.RELEASE/spring-boot-starter-web-2.3.2.RELEASE.jar:/Users/joelrosario/.m2/repository/org/springframework/boot/spring-boot-starter-json/2.3.2.RELEASE/spring-boot-starter-json-2.3.2.RELEASE.jar:/Users/joelrosario/.m2/repository/com/fasterxml/jackson/datatype/jackson-datatype-jdk8/2.11.1/jackson-datatype-jdk8-2.11.1.jar:/Users/joelrosario/.m2/repository/com/fasterxml/jackson/datatype/jackson-datatype-jsr310/2.11.1/jackson-datatype-jsr310-2.11.1.jar:/Users/joelrosario/.m2/repository/com/fasterxml/jackson/module/jackson-module-parameter-names/2.11.1/jackson-module-parameter-names-2.11.1.jar:/Users/joelrosario/.m2/repository/org/springframework/boot/spring-boot-starter-tomcat/2.3.2.RELEASE/spring-boot-starter-tomcat-2.3.2.RELEASE.jar:/Users/joelrosario/.m2/repository/org/apache/tomcat/embed/tomcat-embed-core/9.0.37/tomcat-embed-core-9.0.37.jar:/Users/joelrosario/.m2/repository/org/glassfish/jakarta.el/3.0.3/jakarta.el-3.0.3.jar:/Users/joelrosario/.m2/repository/org/apache/tomcat/embed/tomcat-embed-websocket/9.0.37/tomcat-embed-websocket-9.0.37.jar:/Users/joelrosario/.m2/repository/org/springframework/spring-webmvc/5.2.8.RELEASE/spring-webmvc-5.2.8.RELEASE.jar:/Users/joelrosario/.m2/repository/org/springframework/spring-aop/5.2.8.RELEASE/spring-aop-5.2.8.RELEASE.jar:/Users/joelrosario/.m2/repository/org/springframework/spring-expression/5.2.8.RELEASE/spring-expression-5.2.8.RELEASE.jar:/Users/joelrosario/.m2/repository/org/springframework/boot/spring-boot-starter-test/2.3.2.RELEASE/spring-boot-starter-test-2.3.2.RELEASE.jar:/Users/joelrosario/.m2/repository/org/springframework/boot/spring-boot-test/2.3.2.RELEASE/spring-boot-test-2.3.2.RELEASE.jar:/Users/joelrosario/.m2/repository/org/springframework/boot/spring-boot-test-autoconfigure/2.3.2.RELEASE/spring-boot-test-autoconfigure-2.3.2.RELEASE.jar:/Users/joelrosario/.m2/repository/com/jayway/jsonpath/json-path/2.4.0/json-path-2.4.0.jar:/Users/joelrosario/.m2/repository/net/minidev/json-smart/2.3/json-smart-2.3.jar:/Users/joelrosario/.m2/repository/net/minidev/accessors-smart/1.2/accessors-smart-1.2.jar:/Users/joelrosario/.m2/repository/org/ow2/asm/asm/5.0.4/asm-5.0.4.jar:/Users/joelrosario/.m2/repository/jakarta/xml/bind/jakarta.xml.bind-api/2.3.3/jakarta.xml.bind-api-2.3.3.jar:/Users/joelrosario/.m2/repository/jakarta/activation/jakarta.activation-api/1.2.2/jakarta.activation-api-1.2.2.jar:/Users/joelrosario/.m2/repository/org/assertj/assertj-core/3.16.1/assertj-core-3.16.1.jar:/Users/joelrosario/.m2/repository/org/hamcrest/hamcrest/2.2/hamcrest-2.2.jar:/Users/joelrosario/.m2/repository/org/junit/vintage/junit-vintage-engine/5.6.2/junit-vintage-engine-5.6.2.jar:/Users/joelrosario/.m2/repository/org/mockito/mockito-core/3.3.3/mockito-core-3.3.3.jar:/Users/joelrosario/.m2/repository/net/bytebuddy/byte-buddy/1.10.13/byte-buddy-1.10.13.jar:/Users/joelrosario/.m2/repository/net/bytebuddy/byte-buddy-agent/1.10.13/byte-buddy-agent-1.10.13.jar:/Users/joelrosario/.m2/repository/org/objenesis/objenesis/2.6/objenesis-2.6.jar:/Users/joelrosario/.m2/repository/org/mockito/mockito-junit-jupiter/3.3.3/mockito-junit-jupiter-3.3.3.jar:/Users/joelrosario/.m2/repository/org/skyscreamer/jsonassert/1.5.0/jsonassert-1.5.0.jar:/Users/joelrosario/.m2/repository/com/vaadin/external/google/android-json/0.0.20131108.vaadin1/android-json-0.0.20131108.vaadin1.jar:/Users/joelrosario/.m2/repository/org/springframework/spring-test/5.2.8.RELEASE/spring-test-5.2.8.RELEASE.jar:/Users/joelrosario/.m2/repository/org/xmlunit/xmlunit-core/2.7.0/xmlunit-core-2.7.0.jar:/Users/joelrosario/.m2/repository/org/springframework/spring-web/5.2.9.RELEASE/spring-web-5.2.9.RELEASE.jar:/Users/joelrosario/.m2/repository/org/springframework/spring-beans/5.2.8.RELEASE/spring-beans-5.2.8.RELEASE.jar:/Users/joelrosario/.m2/repository/org/junit/jupiter/junit-jupiter/5.7.0/junit-jupiter-5.7.0.jar:/Users/joelrosario/.m2/repository/org/junit/jupiter/junit-jupiter-api/5.6.2/junit-jupiter-api-5.6.2.jar:/Users/joelrosario/.m2/repository/org/opentest4j/opentest4j/1.2.0/opentest4j-1.2.0.jar:/Users/joelrosario/.m2/repository/org/junit/jupiter/junit-jupiter-params/5.6.2/junit-jupiter-params-5.6.2.jar:/Users/joelrosario/.m2/repository/org/junit/jupiter/junit-jupiter-engine/5.6.2/junit-jupiter-engine-5.6.2.jar:/Users/joelrosario/.m2/repository/org/junit/platform/junit-platform-commons/1.7.0/junit-platform-commons-1.7.0.jar:/Users/joelrosario/.m2/repository/org/apiguardian/apiguardian-api/1.1.0/apiguardian-api-1.1.0.jar:/Users/joelrosario/.m2/repository/org/junit/platform/junit-platform-launcher/1.7.0/junit-platform-launcher-1.7.0.jar:/Users/joelrosario/.m2/repository/org/junit/platform/junit-platform-engine/1.6.2/junit-platform-engine-1.6.2.jar:/Users/joelrosario/.m2/repository/org/jetbrains/kotlin/kotlin-reflect/1.4.21-2/kotlin-reflect-1.4.21-2.jar:/Users/joelrosario/.m2/repository/org/jetbrains/kotlin/kotlin-stdlib/1.4.21-2/kotlin-stdlib-1.4.21-2.jar:/Users/joelrosario/.m2/repository/org/jetbrains/annotations/13.0/annotations-13.0.jar:/Users/joelrosario/.m2/repository/org/jetbrains/kotlin/kotlin-stdlib-jdk8/1.4.21-2/kotlin-stdlib-jdk8-1.4.21-2.jar:/Users/joelrosario/.m2/repository/org/jetbrains/kotlin/kotlin-stdlib-jdk7/1.4.21-2/kotlin-stdlib-jdk7-1.4.21-2.jar:/Users/joelrosario/.m2/repository/org/jetbrains/kotlin/kotlin-test-junit5/1.4.21-2/kotlin-test-junit5-1.4.21-2.jar:/Users/joelrosario/.m2/repository/org/jetbrains/kotlin/kotlin-test-annotations-common/1.4.21-2/kotlin-test-annotations-common-1.4.21-2.jar:/Users/joelrosario/.m2/repository/org/jetbrains/kotlin/kotlin-test/1.4.21-2/kotlin-test-1.4.21-2.jar:/Users/joelrosario/.m2/repository/org/jetbrains/kotlin/kotlin-test-common/1.4.21-2/kotlin-test-common-1.4.21-2.jar:"/>
    <property name="java.vm.vendor" value="AdoptOpenJDK"/>
    <property name="sun.arch.data.model" value="64"/>
    <property name="java.vendor.url" value="http://java.oracle.com/"/>
    <property name="user.timezone" value=""/>
    <property name="user.country.format" value="IN"/>
    <property name="java.vm.specification.version" value="1.8"/>
    <property name="os.name" value="Mac OS X"/>
    <property name="user.country" value="GB"/>
    <property name="sun.java.launcher" value="SUN_STANDARD"/>
    <property name="sun.boot.library.path" value="/Users/joelrosario/.asdf/installs/java/adopt-openjdk-8u252-b09.1/jre/lib"/>
    <property name="sun.java.command" value="/Users/joelrosario/Source/qontract/spring-2.3-compatibility/target/surefire/surefirebooter6925909922440451813.jar /Users/joelrosario/Source/qontract/spring-2.3-compatibility/target/surefire 2021-02-03T22-59-45_931-jvmRun1 surefire3347923981450624447tmp surefire_03954696647931298337tmp"/>
    <property name="http.nonProxyHosts" value="local|*.local|169.254/16|*.169.254/16"/>
    <property name="surefire.test.class.path" value="/Users/joelrosario/Source/qontract/spring-2.3-compatibility/target/test-classes:/Users/joelrosario/Source/qontract/spring-2.3-compatibility/target/classes:/Users/joelrosario/.m2/repository/run/qontract/qontract-core/0.22.0/qontract-core-0.22.0.jar:/Users/joelrosario/.m2/repository/io/cucumber/gherkin/16.0.0/gherkin-16.0.0.jar:/Users/joelrosario/.m2/repository/io/cucumber/messages/13.2.1/messages-13.2.1.jar:/Users/joelrosario/.m2/repository/io/ktor/ktor-server-netty/1.4.3/ktor-server-netty-1.4.3.jar:/Users/joelrosario/.m2/repository/org/slf4j/slf4j-api/1.7.30/slf4j-api-1.7.30.jar:/Users/joelrosario/.m2/repository/org/jetbrains/kotlinx/kotlinx-coroutines-jdk8/1.3.8/kotlinx-coroutines-jdk8-1.3.8.jar:/Users/joelrosario/.m2/repository/org/jetbrains/kotlinx/kotlinx-coroutines-core/1.3.8/kotlinx-coroutines-core-1.3.8.jar:/Users/joelrosario/.m2/repository/io/ktor/ktor-server-host-common/1.4.3/ktor-server-host-common-1.4.3.jar:/Users/joelrosario/.m2/repository/io/netty/netty-codec-http2/4.1.51.Final/netty-codec-http2-4.1.51.Final.jar:/Users/joelrosario/.m2/repository/io/netty/netty-common/4.1.51.Final/netty-common-4.1.51.Final.jar:/Users/joelrosario/.m2/repository/io/netty/netty-buffer/4.1.51.Final/netty-buffer-4.1.51.Final.jar:/Users/joelrosario/.m2/repository/io/netty/netty-transport/4.1.51.Final/netty-transport-4.1.51.Final.jar:/Users/joelrosario/.m2/repository/io/netty/netty-resolver/4.1.51.Final/netty-resolver-4.1.51.Final.jar:/Users/joelrosario/.m2/repository/io/netty/netty-codec/4.1.51.Final/netty-codec-4.1.51.Final.jar:/Users/joelrosario/.m2/repository/io/netty/netty-handler/4.1.51.Final/netty-handler-4.1.51.Final.jar:/Users/joelrosario/.m2/repository/io/netty/netty-codec-http/4.1.51.Final/netty-codec-http-4.1.51.Final.jar:/Users/joelrosario/.m2/repository/org/eclipse/jetty/alpn/alpn-api/1.1.3.v20160715/alpn-api-1.1.3.v20160715.jar:/Users/joelrosario/.m2/repository/io/netty/netty-transport-native-kqueue/4.1.51.Final/netty-transport-native-kqueue-4.1.51.Final.jar:/Users/joelrosario/.m2/repository/io/netty/netty-transport-native-unix-common/4.1.51.Final/netty-transport-native-unix-common-4.1.51.Final.jar:/Users/joelrosario/.m2/repository/io/netty/netty-transport-native-epoll/4.1.51.Final/netty-transport-native-epoll-4.1.51.Final.jar:/Users/joelrosario/.m2/repository/io/ktor/ktor-server-core/1.4.3/ktor-server-core-1.4.3.jar:/Users/joelrosario/.m2/repository/io/ktor/ktor-utils-jvm/1.4.3/ktor-utils-jvm-1.4.3.jar:/Users/joelrosario/.m2/repository/io/ktor/ktor-io-jvm/1.4.3/ktor-io-jvm-1.4.3.jar:/Users/joelrosario/.m2/repository/io/ktor/ktor-http-jvm/1.4.3/ktor-http-jvm-1.4.3.jar:/Users/joelrosario/.m2/repository/com/typesafe/config/1.3.1/config-1.3.1.jar:/Users/joelrosario/.m2/repository/io/ktor/ktor-client-core-jvm/1.4.3/ktor-client-core-jvm-1.4.3.jar:/Users/joelrosario/.m2/repository/org/jetbrains/kotlin/kotlin-stdlib-common/1.4.21-2/kotlin-stdlib-common-1.4.21-2.jar:/Users/joelrosario/.m2/repository/org/jetbrains/kotlinx/kotlinx-coroutines-core-jvm/1.3.9-native-mt-2/kotlinx-coroutines-core-jvm-1.3.9-native-mt-2.jar:/Users/joelrosario/.m2/repository/io/ktor/ktor-http-cio-jvm/1.4.3/ktor-http-cio-jvm-1.4.3.jar:/Users/joelrosario/.m2/repository/io/ktor/ktor-network-jvm/1.4.3/ktor-network-jvm-1.4.3.jar:/Users/joelrosario/.m2/repository/io/ktor/ktor-client-apache/1.4.3/ktor-client-apache-1.4.3.jar:/Users/joelrosario/.m2/repository/org/apache/httpcomponents/httpasyncclient/4.1.4/httpasyncclient-4.1.4.jar:/Users/joelrosario/.m2/repository/org/apache/httpcomponents/httpclient/4.5.12/httpclient-4.5.12.jar:/Users/joelrosario/.m2/repository/commons-codec/commons-codec/1.14/commons-codec-1.14.jar:/Users/joelrosario/.m2/repository/org/apache/httpcomponents/httpcore-nio/4.4.13/httpcore-nio-4.4.13.jar:/Users/joelrosario/.m2/repository/org/apache/httpcomponents/httpcore/4.4.13/httpcore-4.4.13.jar:/Users/joelrosario/.m2/repository/io/ktor/ktor-client-features/1.4.3/ktor-client-features-1.4.3.jar:/Users/joelrosario/.m2/repository/org/jetbrains/kotlinx/kotlinx-serialization-json-jvm/1.0.1/kotlinx-serialization-json-jvm-1.0.1.jar:/Users/joelrosario/.m2/repository/org/jetbrains/kotlinx/kotlinx-serialization-core-jvm/1.0.1/kotlinx-serialization-core-jvm-1.0.1.jar:/Users/joelrosario/.m2/repository/org/eclipse/jgit/org.eclipse.jgit/5.10.0.202012080955-r/org.eclipse.jgit-5.10.0.202012080955-r.jar:/Users/joelrosario/.m2/repository/com/googlecode/javaewah/JavaEWAH/1.1.7/JavaEWAH-1.1.7.jar:/Users/joelrosario/.m2/repository/org/eclipse/jgit/org.eclipse.jgit.ssh.apache/5.10.0.202012080955-r/org.eclipse.jgit.ssh.apache-5.10.0.202012080955-r.jar:/Users/joelrosario/.m2/repository/org/apache/sshd/sshd-osgi/2.4.0/sshd-osgi-2.4.0.jar:/Users/joelrosario/.m2/repository/org/apache/sshd/sshd-sftp/2.4.0/sshd-sftp-2.4.0.jar:/Users/joelrosario/.m2/repository/org/apache/sshd/sshd-core/2.4.0/sshd-core-2.4.0.jar:/Users/joelrosario/.m2/repository/org/apache/sshd/sshd-common/2.4.0/sshd-common-2.4.0.jar:/Users/joelrosario/.m2/repository/net/i2p/crypto/eddsa/0.3.0/eddsa-0.3.0.jar:/Users/joelrosario/.m2/repository/org/testcontainers/testcontainers/1.15.1/testcontainers-1.15.1.jar:/Users/joelrosario/.m2/repository/junit/junit/4.13/junit-4.13.jar:/Users/joelrosario/.m2/repository/org/hamcrest/hamcrest-core/2.2/hamcrest-core-2.2.jar:/Users/joelrosario/.m2/repository/org/apache/commons/commons-compress/1.20/commons-compress-1.20.jar:/Users/joelrosario/.m2/repository/org/rnorth/duct-tape/duct-tape/1.0.8/duct-tape-1.0.8.jar:/Users/joelrosario/.m2/repository/org/rnorth/visible-assertions/visible-assertions/2.1.2/visible-assertions-2.1.2.jar:/Users/joelrosario/.m2/repository/net/java/dev/jna/jna/5.2.0/jna-5.2.0.jar:/Users/joelrosario/.m2/repository/com/github/docker-java/docker-java-api/3.2.7/docker-java-api-3.2.7.jar:/Users/joelrosario/.m2/repository/com/github/docker-java/docker-java-transport-zerodep/3.2.7/docker-java-transport-zerodep-3.2.7.jar:/Users/joelrosario/.m2/repository/com/github/docker-java/docker-java-transport/3.2.7/docker-java-transport-3.2.7.jar:/Users/joelrosario/.m2/repository/org/testcontainers/kafka/1.15.1/kafka-1.15.1.jar:/Users/joelrosario/.m2/repository/org/apache/kafka/kafka-clients/2.5.0/kafka-clients-2.5.0.jar:/Users/joelrosario/.m2/repository/com/github/luben/zstd-jni/1.4.4-7/zstd-jni-1.4.4-7.jar:/Users/joelrosario/.m2/repository/org/lz4/lz4-java/1.7.1/lz4-java-1.7.1.jar:/Users/joelrosario/.m2/repository/org/xerial/snappy/snappy-java/1.1.7.3/snappy-java-1.1.7.3.jar:/Users/joelrosario/.m2/repository/com/fasterxml/jackson/core/jackson-databind/2.11.1/jackson-databind-2.11.1.jar:/Users/joelrosario/.m2/repository/com/fasterxml/jackson/core/jackson-annotations/2.11.1/jackson-annotations-2.11.1.jar:/Users/joelrosario/.m2/repository/com/fasterxml/jackson/core/jackson-core/2.11.1/jackson-core-2.11.1.jar:/Users/joelrosario/.m2/repository/org/springframework/boot/spring-boot-starter/2.3.2.RELEASE/spring-boot-starter-2.3.2.RELEASE.jar:/Users/joelrosario/.m2/repository/org/springframework/boot/spring-boot/2.3.2.RELEASE/spring-boot-2.3.2.RELEASE.jar:/Users/joelrosario/.m2/repository/org/springframework/spring-context/5.2.8.RELEASE/spring-context-5.2.8.RELEASE.jar:/Users/joelrosario/.m2/repository/org/springframework/boot/spring-boot-autoconfigure/2.3.2.RELEASE/spring-boot-autoconfigure-2.3.2.RELEASE.jar:/Users/joelrosario/.m2/repository/org/springframework/boot/spring-boot-starter-logging/2.3.2.RELEASE/spring-boot-starter-logging-2.3.2.RELEASE.jar:/Users/joelrosario/.m2/repository/ch/qos/logback/logback-classic/1.2.3/logback-classic-1.2.3.jar:/Users/joelrosario/.m2/repository/ch/qos/logback/logback-core/1.2.3/logback-core-1.2.3.jar:/Users/joelrosario/.m2/repository/org/apache/logging/log4j/log4j-to-slf4j/2.13.3/log4j-to-slf4j-2.13.3.jar:/Users/joelrosario/.m2/repository/org/apache/logging/log4j/log4j-api/2.13.3/log4j-api-2.13.3.jar:/Users/joelrosario/.m2/repository/org/slf4j/jul-to-slf4j/1.7.30/jul-to-slf4j-1.7.30.jar:/Users/joelrosario/.m2/repository/jakarta/annotation/jakarta.annotation-api/1.3.5/jakarta.annotation-api-1.3.5.jar:/Users/joelrosario/.m2/repository/org/springframework/spring-core/5.2.8.RELEASE/spring-core-5.2.8.RELEASE.jar:/Users/joelrosario/.m2/repository/org/springframework/spring-jcl/5.2.8.RELEASE/spring-jcl-5.2.8.RELEASE.jar:/Users/joelrosario/.m2/repository/org/yaml/snakeyaml/1.26/snakeyaml-1.26.jar:/Users/joelrosario/.m2/repository/org/springframework/boot/spring-boot-starter-web/2.3.2.RELEASE/spring-boot-starter-web-2.3.2.RELEASE.jar:/Users/joelrosario/.m2/repository/org/springframework/boot/spring-boot-starter-json/2.3.2.RELEASE/spring-boot-starter-json-2.3.2.RELEASE.jar:/Users/joelrosario/.m2/repository/com/fasterxml/jackson/datatype/jackson-datatype-jdk8/2.11.1/jackson-datatype-jdk8-2.11.1.jar:/Users/joelrosario/.m2/repository/com/fasterxml/jackson/datatype/jackson-datatype-jsr310/2.11.1/jackson-datatype-jsr310-2.11.1.jar:/Users/joelrosario/.m2/repository/com/fasterxml/jackson/module/jackson-module-parameter-names/2.11.1/jackson-module-parameter-names-2.11.1.jar:/Users/joelrosario/.m2/repository/org/springframework/boot/spring-boot-starter-tomcat/2.3.2.RELEASE/spring-boot-starter-tomcat-2.3.2.RELEASE.jar:/Users/joelrosario/.m2/repository/org/apache/tomcat/embed/tomcat-embed-core/9.0.37/tomcat-embed-core-9.0.37.jar:/Users/joelrosario/.m2/repository/org/glassfish/jakarta.el/3.0.3/jakarta.el-3.0.3.jar:/Users/joelrosario/.m2/repository/org/apache/tomcat/embed/tomcat-embed-websocket/9.0.37/tomcat-embed-websocket-9.0.37.jar:/Users/joelrosario/.m2/repository/org/springframework/spring-webmvc/5.2.8.RELEASE/spring-webmvc-5.2.8.RELEASE.jar:/Users/joelrosario/.m2/repository/org/springframework/spring-aop/5.2.8.RELEASE/spring-aop-5.2.8.RELEASE.jar:/Users/joelrosario/.m2/repository/org/springframework/spring-expression/5.2.8.RELEASE/spring-expression-5.2.8.RELEASE.jar:/Users/joelrosario/.m2/repository/org/springframework/boot/spring-boot-starter-test/2.3.2.RELEASE/spring-boot-starter-test-2.3.2.RELEASE.jar:/Users/joelrosario/.m2/repository/org/springframework/boot/spring-boot-test/2.3.2.RELEASE/spring-boot-test-2.3.2.RELEASE.jar:/Users/joelrosario/.m2/repository/org/springframework/boot/spring-boot-test-autoconfigure/2.3.2.RELEASE/spring-boot-test-autoconfigure-2.3.2.RELEASE.jar:/Users/joelrosario/.m2/repository/com/jayway/jsonpath/json-path/2.4.0/json-path-2.4.0.jar:/Users/joelrosario/.m2/repository/net/minidev/json-smart/2.3/json-smart-2.3.jar:/Users/joelrosario/.m2/repository/net/minidev/accessors-smart/1.2/accessors-smart-1.2.jar:/Users/joelrosario/.m2/repository/org/ow2/asm/asm/5.0.4/asm-5.0.4.jar:/Users/joelrosario/.m2/repository/jakarta/xml/bind/jakarta.xml.bind-api/2.3.3/jakarta.xml.bind-api-2.3.3.jar:/Users/joelrosario/.m2/repository/jakarta/activation/jakarta.activation-api/1.2.2/jakarta.activation-api-1.2.2.jar:/Users/joelrosario/.m2/repository/org/assertj/assertj-core/3.16.1/assertj-core-3.16.1.jar:/Users/joelrosario/.m2/repository/org/hamcrest/hamcrest/2.2/hamcrest-2.2.jar:/Users/joelrosario/.m2/repository/org/junit/vintage/junit-vintage-engine/5.6.2/junit-vintage-engine-5.6.2.jar:/Users/joelrosario/.m2/repository/org/mockito/mockito-core/3.3.3/mockito-core-3.3.3.jar:/Users/joelrosario/.m2/repository/net/bytebuddy/byte-buddy/1.10.13/byte-buddy-1.10.13.jar:/Users/joelrosario/.m2/repository/net/bytebuddy/byte-buddy-agent/1.10.13/byte-buddy-agent-1.10.13.jar:/Users/joelrosario/.m2/repository/org/objenesis/objenesis/2.6/objenesis-2.6.jar:/Users/joelrosario/.m2/repository/org/mockito/mockito-junit-jupiter/3.3.3/mockito-junit-jupiter-3.3.3.jar:/Users/joelrosario/.m2/repository/org/skyscreamer/jsonassert/1.5.0/jsonassert-1.5.0.jar:/Users/joelrosario/.m2/repository/com/vaadin/external/google/android-json/0.0.20131108.vaadin1/android-json-0.0.20131108.vaadin1.jar:/Users/joelrosario/.m2/repository/org/springframework/spring-test/5.2.8.RELEASE/spring-test-5.2.8.RELEASE.jar:/Users/joelrosario/.m2/repository/org/xmlunit/xmlunit-core/2.7.0/xmlunit-core-2.7.0.jar:/Users/joelrosario/.m2/repository/org/springframework/spring-web/5.2.9.RELEASE/spring-web-5.2.9.RELEASE.jar:/Users/joelrosario/.m2/repository/org/springframework/spring-beans/5.2.8.RELEASE/spring-beans-5.2.8.RELEASE.jar:/Users/joelrosario/.m2/repository/org/junit/jupiter/junit-jupiter/5.7.0/junit-jupiter-5.7.0.jar:/Users/joelrosario/.m2/repository/org/junit/jupiter/junit-jupiter-api/5.6.2/junit-jupiter-api-5.6.2.jar:/Users/joelrosario/.m2/repository/org/opentest4j/opentest4j/1.2.0/opentest4j-1.2.0.jar:/Users/joelrosario/.m2/repository/org/junit/jupiter/junit-jupiter-params/5.6.2/junit-jupiter-params-5.6.2.jar:/Users/joelrosario/.m2/repository/org/junit/jupiter/junit-jupiter-engine/5.6.2/junit-jupiter-engine-5.6.2.jar:/Users/joelrosario/.m2/repository/org/junit/platform/junit-platform-commons/1.7.0/junit-platform-commons-1.7.0.jar:/Users/joelrosario/.m2/repository/org/apiguardian/apiguardian-api/1.1.0/apiguardian-api-1.1.0.jar:/Users/joelrosario/.m2/repository/org/junit/platform/junit-platform-launcher/1.7.0/junit-platform-launcher-1.7.0.jar:/Users/joelrosario/.m2/repository/org/junit/platform/junit-platform-engine/1.6.2/junit-platform-engine-1.6.2.jar:/Users/joelrosario/.m2/repository/org/jetbrains/kotlin/kotlin-reflect/1.4.21-2/kotlin-reflect-1.4.21-2.jar:/Users/joelrosario/.m2/repository/org/jetbrains/kotlin/kotlin-stdlib/1.4.21-2/kotlin-stdlib-1.4.21-2.jar:/Users/joelrosario/.m2/repository/org/jetbrains/annotations/13.0/annotations-13.0.jar:/Users/joelrosario/.m2/repository/org/jetbrains/kotlin/kotlin-stdlib-jdk8/1.4.21-2/kotlin-stdlib-jdk8-1.4.21-2.jar:/Users/joelrosario/.m2/repository/org/jetbrains/kotlin/kotlin-stdlib-jdk7/1.4.21-2/kotlin-stdlib-jdk7-1.4.21-2.jar:/Users/joelrosario/.m2/repository/org/jetbrains/kotlin/kotlin-test-junit5/1.4.21-2/kotlin-test-junit5-1.4.21-2.jar:/Users/joelrosario/.m2/repository/org/jetbrains/kotlin/kotlin-test-annotations-common/1.4.21-2/kotlin-test-annotations-common-1.4.21-2.jar:/Users/joelrosario/.m2/repository/org/jetbrains/kotlin/kotlin-test/1.4.21-2/kotlin-test-1.4.21-2.jar:/Users/joelrosario/.m2/repository/org/jetbrains/kotlin/kotlin-test-common/1.4.21-2/kotlin-test-common-1.4.21-2.jar:"/>
    <property name="sun.cpu.endian" value="little"/>
    <property name="user.home" value="/Users/joelrosario"/>
    <property name="user.language" value="en"/>
    <property name="java.specification.vendor" value="Oracle Corporation"/>
    <property name="java.home" value="/Users/joelrosario/.asdf/installs/java/adopt-openjdk-8u252-b09.1/jre"/>
    <property name="basedir" value="/Users/joelrosario/Source/qontract/spring-2.3-compatibility"/>
    <property name="file.separator" value="/"/>
    <property name="line.separator" value="&#10;"/>
    <property name="java.vm.specification.vendor" value="Oracle Corporation"/>
    <property name="java.specification.name" value="Java Platform API Specification"/>
    <property name="java.awt.graphicsenv" value="sun.awt.CGraphicsEnvironment"/>
    <property name="surefire.real.class.path" value="/Users/joelrosario/Source/qontract/spring-2.3-compatibility/target/surefire/surefirebooter6925909922440451813.jar"/>
    <property name="sun.boot.class.path" value="/Users/joelrosario/.asdf/installs/java/adopt-openjdk-8u252-b09.1/jre/lib/resources.jar:/Users/joelrosario/.asdf/installs/java/adopt-openjdk-8u252-b09.1/jre/lib/rt.jar:/Users/joelrosario/.asdf/installs/java/adopt-openjdk-8u252-b09.1/jre/lib/sunrsasign.jar:/Users/joelrosario/.asdf/installs/java/adopt-openjdk-8u252-b09.1/jre/lib/jsse.jar:/Users/joelrosario/.asdf/installs/java/adopt-openjdk-8u252-b09.1/jre/lib/jce.jar:/Users/joelrosario/.asdf/installs/java/adopt-openjdk-8u252-b09.1/jre/lib/charsets.jar:/Users/joelrosario/.asdf/installs/java/adopt-openjdk-8u252-b09.1/jre/lib/jfr.jar:/Users/joelrosario/.asdf/installs/java/adopt-openjdk-8u252-b09.1/jre/classes"/>
    <property name="sun.management.compiler" value="HotSpot 64-Bit Tiered Compilers"/>
    <property name="ftp.nonProxyHosts" value="local|*.local|169.254/16|*.169.254/16"/>
    <property name="java.runtime.version" value="1.8.0_252-b09"/>
    <property name="user.name" value="joelrosario"/>
    <property name="path.separator" value=":"/>
    <property name="os.version" value="10.16"/>
    <property name="java.endorsed.dirs" value="/Users/joelrosario/.asdf/installs/java/adopt-openjdk-8u252-b09.1/jre/lib/endorsed"/>
    <property name="java.runtime.name" value="OpenJDK Runtime Environment"/>
    <property name="file.encoding" value="UTF-8"/>
    <property name="java.vm.name" value="OpenJDK 64-Bit Server VM"/>
    <property name="localRepository" value="/Users/joelrosario/.m2/repository"/>
    <property name="java.vendor.url.bug" value="http://bugreport.sun.com/bugreport/"/>
    <property name="java.io.tmpdir" value="/var/folders/ww/yz92h4193vq3qcymv1brlm340000gn/T/"/>
    <property name="idea.version" value="2020.3.2"/>
    <property name="java.version" value="1.8.0_252"/>
    <property name="user.dir" value="/Users/joelrosario/Source/qontract/spring-2.3-compatibility"/>
    <property name="os.arch" value="x86_64"/>
    <property name="java.vm.specification.name" value="Java Virtual Machine Specification"/>
    <property name="java.awt.printerjob" value="sun.lwawt.macosx.CPrinterJob"/>
    <property name="sun.os.patch.level" value="unknown"/>
    <property name="java.library.path" value="/Users/joelrosario/Library/Java/Extensions:/Library/Java/Extensions:/Network/Library/Java/Extensions:/System/Library/Java/Extensions:/usr/lib/java:."/>
    <property name="java.vm.info" value="mixed mode"/>
    <property name="java.vendor" value="AdoptOpenJDK"/>
    <property name="java.vm.version" value="25.252-b09"/>
    <property name="java.ext.dirs" value="/Users/joelrosario/Library/Java/Extensions:/Users/joelrosario/.asdf/installs/java/adopt-openjdk-8u252-b09.1/jre/lib/ext:/Library/Java/Extensions:/Network/Library/Java/Extensions:/System/Library/Java/Extensions:/usr/lib/java"/>
    <property name="sun.io.unicode.encoding" value="UnicodeBig"/>
    <property name="java.class.version" value="52.0"/>
    <property name="socksNonProxyHosts" value="local|*.local|169.254/16|*.169.254/16"/>
  </properties>
  <testcase name="twoPointThree" classname="SpringCompatibilityTest" time="1.486"/>
</testsuite>